# JRE version: Java(TM) SE Runtime Environment (23.0.1+11) (build 23.0.1+11-39)
# Java VM: Java HotSpot(TM) 64-Bit Server VM (23.0.1+11-39, mixed mode, sharing, tiered, compressed oops, compressed class ptrs, g1 gc, windows-amd64)
GC Precious Log:
 CardTable entry size: 512
 Card Set container configuration: InlinePtr #cards 5 size 8 Array Of Cards #cards 10 size 36 Howl #buckets 4 coarsen threshold 1843 Howl Bitmap #cards 512 size 80 coarsen threshold 460 Card regions per heap region 1 cards per card region 2048
 CPUs: 4 total, 4 available
 Memory: 3780M
 Large Page Support: Disabled
 NUMA Support: Disabled
 Compressed Oops: Enabled (32-bit)
 Heap Region Size: 1M
 Heap Min Capacity: 8M
 Heap Initial Capacity: 60M
 Heap Max Capacity: 946M
 Pre-touch: Disabled
 Parallel Workers: 4
 Concurrent Workers: 1
 Concurrent Refinement Workers: 4
 Periodic GC: Disabled
Heap:
 garbage-first heap   total reserved 968704K, committed 58368K, used 47603K [0x00000000c4e00000, 0x0000000100000000)
  region size 1024K, 18 young (18432K), 0 survivors (0K)
 Metaspace       used 75702K, committed 76608K, reserved 1179648K
  class space    used 10570K, committed 11008K, reserved 1048576K
GC Heap History (20 events):
Event: 16.621 GC heap before
{Heap before GC invocations=18 (full 0):
 garbage-first heap   total reserved 968704K, committed 48128K, used 41013K [0x00000000c4e00000, 0x0000000100000000)
  region size 1024K, 17 young (17408K), 2 survivors (2048K)
 Metaspace       used 59408K, committed 60032K, reserved 1114112K
  class space    used 8290K, committed 8576K, reserved 1048576K
}
Event: 16.625 GC heap after
{Heap after GC invocations=19 (full 0):
 garbage-first heap   total reserved 968704K, committed 48128K, used 27286K [0x00000000c4e00000, 0x0000000100000000)
  region size 1024K, 3 young (3072K), 3 survivors (3072K)
 Metaspace       used 59408K, committed 60032K, reserved 1114112K
  class space    used 8290K, committed 8576K, reserved 1048576K
}
Event: 19.185 GC heap before
{Heap before GC invocations=20 (full 0):
 garbage-first heap   total reserved 968704K, committed 48128K, used 40598K [0x00000000c4e00000, 0x0000000100000000)
  region size 1024K, 16 young (16384K), 3 survivors (3072K)
 Metaspace       used 61960K, committed 62656K, reserved 1114112K
  class space    used 8594K, committed 8896K, reserved 1048576K
}
Event: 19.190 GC heap after
{Heap after GC invocations=21 (full 0):
 garbage-first heap   total reserved 968704K, committed 48128K, used 28095K [0x00000000c4e00000, 0x0000000100000000)
  region size 1024K, 2 young (2048K), 2 survivors (2048K)
 Metaspace       used 61960K, committed 62656K, reserved 1114112K
  class space    used 8594K, committed 8896K, reserved 1048576K
}
Event: 19.767 GC heap before
{Heap before GC invocations=21 (full 0):
 garbage-first heap   total reserved 968704K, committed 48128K, used 42431K [0x00000000c4e00000, 0x0000000100000000)
  region size 1024K, 16 young (16384K), 2 survivors (2048K)
 Metaspace       used 64522K, committed 65216K, reserved 1114112K
  class space    used 9002K, committed 9280K, reserved 1048576K
}
Event: 19.773 GC heap after
{Heap after GC invocations=22 (full 0):
 garbage-first heap   total reserved 968704K, committed 48128K, used 29089K [0x00000000c4e00000, 0x0000000100000000)
  region size 1024K, 2 young (2048K), 2 survivors (2048K)
 Metaspace       used 64522K, committed 65216K, reserved 1114112K
  class space    used 9002K, committed 9280K, reserved 1048576K
}
Event: 20.352 GC heap before
{Heap before GC invocations=22 (full 0):
 garbage-first heap   total reserved 968704K, committed 48128K, used 42401K [0x00000000c4e00000, 0x0000000100000000)
  region size 1024K, 15 young (15360K), 2 survivors (2048K)
 Metaspace       used 65389K, committed 66112K, reserved 1114112K
  class space    used 9117K, committed 9472K, reserved 1048576K
}
Event: 20.363 GC heap after
{Heap after GC invocations=23 (full 0):
 garbage-first heap   total reserved 968704K, committed 48128K, used 30383K [0x00000000c4e00000, 0x0000000100000000)
  region size 1024K, 2 young (2048K), 2 survivors (2048K)
 Metaspace       used 65389K, committed 66112K, reserved 1114112K
  class space    used 9117K, committed 9472K, reserved 1048576K
}
Event: 20.976 GC heap before
{Heap before GC invocations=24 (full 0):
 garbage-first heap   total reserved 968704K, committed 53248K, used 40623K [0x00000000c4e00000, 0x0000000100000000)
  region size 1024K, 12 young (12288K), 2 survivors (2048K)
 Metaspace       used 66649K, committed 67456K, reserved 1114112K
  class space    used 9300K, committed 9664K, reserved 1048576K
}
Event: 20.983 GC heap after
{Heap after GC invocations=25 (full 0):
 garbage-first heap   total reserved 968704K, committed 53248K, used 30969K [0x00000000c4e00000, 0x0000000100000000)
  region size 1024K, 2 young (2048K), 2 survivors (2048K)
 Metaspace       used 66649K, committed 67456K, reserved 1114112K
  class space    used 9300K, committed 9664K, reserved 1048576K
}
Event: 22.071 GC heap before
{Heap before GC invocations=25 (full 0):
 garbage-first heap   total reserved 968704K, committed 53248K, used 45305K [0x00000000c4e00000, 0x0000000100000000)
  region size 1024K, 17 young (17408K), 2 survivors (2048K)
 Metaspace       used 68680K, committed 69376K, reserved 1114112K
  class space    used 9605K, committed 9920K, reserved 1048576K
}
Event: 22.080 GC heap after
{Heap after GC invocations=26 (full 0):
 garbage-first heap   total reserved 968704K, committed 53248K, used 32353K [0x00000000c4e00000, 0x0000000100000000)
  region size 1024K, 3 young (3072K), 3 survivors (3072K)
 Metaspace       used 68680K, committed 69376K, reserved 1114112K
  class space    used 9605K, committed 9920K, reserved 1048576K
}
Event: 22.880 GC heap before
{Heap before GC invocations=26 (full 0):
 garbage-first heap   total reserved 968704K, committed 53248K, used 44641K [0x00000000c4e00000, 0x0000000100000000)
  region size 1024K, 15 young (15360K), 3 survivors (3072K)
 Metaspace       used 70450K, committed 71296K, reserved 1114112K
  class space    used 9850K, committed 10240K, reserved 1048576K
}
Event: 22.886 GC heap after
{Heap after GC invocations=27 (full 0):
 garbage-first heap   total reserved 968704K, committed 53248K, used 34174K [0x00000000c4e00000, 0x0000000100000000)
  region size 1024K, 2 young (2048K), 2 survivors (2048K)
 Metaspace       used 70450K, committed 71296K, reserved 1114112K
  class space    used 9850K, committed 10240K, reserved 1048576K
}
Event: 87.272 GC heap before
{Heap before GC invocations=28 (full 0):
 garbage-first heap   total reserved 968704K, committed 58368K, used 46462K [0x00000000c4e00000, 0x0000000100000000)
  region size 1024K, 14 young (14336K), 2 survivors (2048K)
 Metaspace       used 72134K, committed 72960K, reserved 1114112K
  class space    used 10071K, committed 10432K, reserved 1048576K
}
Event: 87.321 GC heap after
{Heap after GC invocations=29 (full 0):
 garbage-first heap   total reserved 968704K, committed 58368K, used 35002K [0x00000000c4e00000, 0x0000000100000000)
  region size 1024K, 1 young (1024K), 1 survivors (1024K)
 Metaspace       used 72134K, committed 72960K, reserved 1114112K
  class space    used 10071K, committed 10432K, reserved 1048576K
}
Event: 91.609 GC heap before
{Heap before GC invocations=29 (full 0):
 garbage-first heap   total reserved 968704K, committed 58368K, used 51386K [0x00000000c4e00000, 0x0000000100000000)
  region size 1024K, 18 young (18432K), 1 survivors (1024K)
 Metaspace       used 75176K, committed 75904K, reserved 1179648K
  class space    used 10506K, committed 10816K, reserved 1048576K
}
Event: 91.626 GC heap after
{Heap after GC invocations=30 (full 0):
 garbage-first heap   total reserved 968704K, committed 58368K, used 36687K [0x00000000c4e00000, 0x0000000100000000)
  region size 1024K, 3 young (3072K), 3 survivors (3072K)
 Metaspace       used 75176K, committed 75904K, reserved 1179648K
  class space    used 10506K, committed 10816K, reserved 1048576K
}
Event: 352.358 GC heap before
{Heap before GC invocations=30 (full 0):
 garbage-first heap   total reserved 968704K, committed 58368K, used 47951K [0x00000000c4e00000, 0x0000000100000000)
  region size 1024K, 15 young (15360K), 3 survivors (3072K)
 Metaspace       used 75523K, committed 76416K, reserved 1179648K
  class space    used 10554K, committed 10944K, reserved 1048576K
}
Event: 354.472 GC heap after
{Heap after GC invocations=31 (full 1):
 garbage-first heap   total reserved 968704K, committed 58368K, used 30195K [0x00000000c4e00000, 0x0000000100000000)
  region size 1024K, 0 young (0K), 0 survivors (0K)
 Metaspace       used 75523K, committed 76416K, reserved 1179648K
  class space    used 10554K, committed 10944K, reserved 1048576K
}

